2020-02-04 12:40:25,956 INFO o.a.j.u.JMeterUtils: Setting Locale to en_US
2020-02-04 12:40:25,978 INFO o.a.j.JMeter: Loading user properties from: user.properties
2020-02-04 12:40:25,979 INFO o.a.j.JMeter: Loading system properties from: system.properties
2020-02-04 12:40:25,980 INFO o.a.j.JMeter: Copyright (c) 1998-2019 The Apache Software Foundation
2020-02-04 12:40:25,980 INFO o.a.j.JMeter: Version 5.2.1
2020-02-04 12:40:25,980 INFO o.a.j.JMeter: java.version=13.0.1
2020-02-04 12:40:25,980 INFO o.a.j.JMeter: java.vm.name=Java HotSpot(TM) 64-Bit Server VM
2020-02-04 12:40:25,981 INFO o.a.j.JMeter: os.name=Windows 10
2020-02-04 12:40:25,981 INFO o.a.j.JMeter: os.arch=amd64
2020-02-04 12:40:25,981 INFO o.a.j.JMeter: os.version=10.0
2020-02-04 12:40:25,984 INFO o.a.j.JMeter: file.encoding=Cp1252
2020-02-04 12:40:25,984 INFO o.a.j.JMeter: java.awt.headless=null
2020-02-04 12:40:25,984 INFO o.a.j.JMeter: Max memory     =4271898624
2020-02-04 12:40:25,984 INFO o.a.j.JMeter: Available Processors =4
2020-02-04 12:40:25,991 INFO o.a.j.JMeter: Default Locale=English (United States)
2020-02-04 12:40:25,991 INFO o.a.j.JMeter: JMeter  Locale=English (United States)
2020-02-04 12:40:25,991 INFO o.a.j.JMeter: JMeterHome=C:\jmeter\apache-jmeter-5.2.1
2020-02-04 12:40:25,991 INFO o.a.j.JMeter: user.dir  =C:\jmeter\apache-jmeter-5.2.1\bin
2020-02-04 12:40:25,992 INFO o.a.j.JMeter: PWD       =C:\jmeter\apache-jmeter-5.2.1\bin
2020-02-04 12:40:25,998 INFO o.a.j.JMeter: IP: 192.168.56.1 Name: EPUAKYIW1957 FullName: EPINHYDW0218.princeton.epam.com
2020-02-04 12:40:26,177 INFO o.a.j.g.a.LookAndFeelCommand: Installing Darcula LAF
2020-02-04 12:40:26,183 INFO o.a.j.g.a.LookAndFeelCommand: Using look and feel: com.bulenkov.darcula.DarculaLaf [Darcula]
2020-02-04 12:40:26,183 INFO o.a.j.JMeter: Setting LAF to: com.bulenkov.darcula.DarculaLaf
2020-02-04 12:40:26,238 INFO o.a.j.JMeter: Loaded icon properties from org/apache/jmeter/images/icon.properties
2020-02-04 12:40:27,178 INFO o.j.r.JARSourceHTTP: Found cached repo
2020-02-04 12:40:27,344 INFO o.j.r.PluginManager: Plugins Status: [jpgc-graphs-basic=2.0, jpgc-graphs-additional=2.0, jpgc-autostop=0.1, blazemeter-debugger=0.6, jpgc-graphs-composite=2.0, jpgc-csl=0.1, jpgc-functions=2.1, jpgc-casutg=2.9, jpgc-dummy=0.4, jpgc-ffw=2.0, jpgc-fifo=0.2, bzm-parallel=0.9, jpgc-prmctl=0.4, jpgc-perfmon=2.1, jpgc-plugins-manager=1.3, bzm-random-csv=0.6, jpgc-tst=2.5, jpgc-wsc=0.7, jmeter-core=5.2.1, jmeter-ftp=5.2.1, jmeter-http=5.2.1, jmeter-jdbc=5.2.1, jmeter-jms=5.2.1, jmeter-junit=5.2.1, jmeter-java=5.2.1, jmeter-ldap=5.2.1, jmeter-mail=5.2.1, jmeter-mongodb=5.2.1, jmeter-native=5.2.1, jmeter-tcp=5.2.1, jmeter-components=5.2.1, jpgc-standard=2.0]
2020-02-04 12:40:29,093 INFO o.a.j.p.h.s.HTTPSamplerBase: Parser for text/html is org.apache.jmeter.protocol.http.parser.LagartoBasedHtmlParser
2020-02-04 12:40:29,094 INFO o.a.j.p.h.s.HTTPSamplerBase: Parser for application/xhtml+xml is org.apache.jmeter.protocol.http.parser.LagartoBasedHtmlParser
2020-02-04 12:40:29,095 INFO o.a.j.p.h.s.HTTPSamplerBase: Parser for application/xml is org.apache.jmeter.protocol.http.parser.LagartoBasedHtmlParser
2020-02-04 12:40:29,095 INFO o.a.j.p.h.s.HTTPSamplerBase: Parser for text/xml is org.apache.jmeter.protocol.http.parser.LagartoBasedHtmlParser
2020-02-04 12:40:29,095 INFO o.a.j.p.h.s.HTTPSamplerBase: Parser for text/vnd.wap.wml is org.apache.jmeter.protocol.http.parser.RegexpHTMLParser
2020-02-04 12:40:29,095 INFO o.a.j.p.h.s.HTTPSamplerBase: Parser for text/css is org.apache.jmeter.protocol.http.parser.CssParser
2020-02-04 12:40:30,528 INFO o.a.j.e.KeyToolUtils: keytool found at 'keytool'
2020-02-04 12:40:30,529 INFO o.a.j.p.h.p.ProxyControl: HTTP(S) Test Script Recorder SSL Proxy will use keys that support embedded 3rd party resources in file C:\jmeter\apache-jmeter-5.2.1\bin\proxyserver.jks
2020-02-04 12:40:30,709 INFO o.a.j.s.FileServer: Default base='C:\jmeter\apache-jmeter-5.2.1\bin'
2020-02-04 12:40:31,230 INFO o.a.j.s.SampleResult: Note: Sample TimeStamps are START times
2020-02-04 12:40:31,230 INFO o.a.j.s.SampleResult: sampleresult.default.encoding is set to ISO-8859-1
2020-02-04 12:40:31,231 INFO o.a.j.s.SampleResult: sampleresult.useNanoTime=true
2020-02-04 12:40:31,231 INFO o.a.j.s.SampleResult: sampleresult.nanoThreadSleep=5000
2020-02-04 12:40:31,257 INFO o.a.j.v.ViewResultsFullVisualizer: Add JavaFX to your Java installation if you want to use renderer: org.apache.jmeter.visualizers.RenderInBrowser
